<?xml version="1.0" encoding="UTF-8"?>
<!-- Generated by org.testng.reporters.JUnitXMLReporter -->
<testsuite hostname="DESKTOP-0KJNDMH" name="Default test" tests="5" failures="0" timestamp="3 Jun 2022 15:19:15 GMT" time="16.386" errors="0">
  <testcase name="Login" time="10.549" classname="com.sede.Serilalization_Deserilization"/>
  <testcase name="addAddress" time="1.824" classname="com.sede.Serilalization_Deserilization"/>
  <testcase name="updateAddress" time="1.557" classname="com.sede.Serilalization_Deserilization"/>
  <testcase name="getAddress" time="1.192" classname="com.sede.Serilalization_Deserilization"/>
  <testcase name="deleteAddress" time="1.204" classname="com.sede.Serilalization_Deserilization"/>
</testsuite> <!-- Default test -->
