<?xml version="1.0" encoding="UTF-8"?>
<!-- Generated by org.testng.reporters.JUnitXMLReporter -->
<testsuite hostname="DESKTOP-0KJNDMH" name="Test" tests="12" failures="4" timestamp="3 Jun 2022 07:37:37 GMT" time="23.143" errors="0">
  <testcase name="vels" time="2.264" classname="api.ApiVelsRunner"/>
  <testcase name="tc01" time="6.731" classname="com.greens.ReqRes"/>
  <testcase name="Login" time="1.769" classname="com.greens.JsonPath"/>
  <testcase name="addAddress" time="1.798" classname="com.greens.JsonPath"/>
  <testcase name="updateAddress" time="0.69" classname="com.greens.JsonPath"/>
  <testcase name="getAddress" time="1.309" classname="com.greens.JsonPath"/>
  <testcase name="deleteAddress" time="1.186" classname="com.greens.JsonPath"/>
  <testcase name="Login" time="1.472" classname="com.sede.Serilalization_Deserilization">
    <failure type="com.fasterxml.jackson.databind.exc.UnrecognizedPropertyException" message="Unrecognized field &amp;quot;login_cookie&amp;quot; (class com.pojo.Data), not marked as ignorable (32 known properties: &amp;quot;month&amp;quot;, &amp;quot;gender&amp;quot;, &amp;quot;forgot_key&amp;quot;, &amp;quot;mobile_number&amp;quot;, &amp;quot;refer_screen&amp;quot;, &amp;quot;google_auth_id&amp;quot;, &amp;quot;referral_code&amp;quot;, &amp;quot;device_token&amp;quot;, &amp;quot;last_name&amp;quot;, &amp;quot;days&amp;quot;, &amp;quot;id&amp;quot;, &amp;quot;email&amp;quot;, &amp;quot;wallet_amount&amp;quot;, &amp;quot;user_code&amp;quot;, &amp;quot;device_id&amp;quot;, &amp;quot;profile_picture&amp;quot;, &amp;quot;admin_verify&amp;quot;, &amp;quot;created_at&amp;quot;, &amp;quot;hobbies&amp;quot;, &amp;quot;status&amp;quot;, &amp;quot;facebook_id&amp;quot;, &amp;quot;logtoken&amp;quot;, &amp;quot;updated_at&amp;quot;, &amp;quot;first_name&amp;quot;, &amp;quot;facebook_signin&amp;quot;, &amp;quot;year&amp;quot;, &amp;quot;device_type&amp;quot;, &amp;quot;password&amp;quot;, &amp;quot;google_signin&amp;quot;, &amp;quot;user_role&amp;quot;, &amp;quot;api_key&amp;quot;, &amp;quot;is_verified&amp;quot;])
 at [Source: (String)&amp;quot;{&amp;quot;status&amp;quot;:200,&amp;quot;message&amp;quot;:&amp;quot;Login successfully&amp;quot;,&amp;quot;data&amp;quot;:{&amp;quot;id&amp;quot;:210,&amp;quot;user_code&amp;quot;:&amp;quot;USR3020&amp;quot;,&amp;quot;first_name&amp;quot;:&amp;quot;INIGO&amp;quot;,&amp;quot;last_name&amp;quot;:&amp;quot;RAJA&amp;quot;,&amp;quot;email&amp;quot;:&amp;quot;iniko.3192@gmail.com&amp;quot;,&amp;quot;mobile_number&amp;quot;:&amp;quot;9585040707&amp;quot;,&amp;quot;password&amp;quot;:&amp;quot;$2y$10$JDfqhLnMEaG50GHKHg3R1.rO4A6RngJIEpNwxi4WCNDuP09hBbzCy&amp;quot;,&amp;quot;api_key&amp;quot;:&amp;quot;BCDEF5880klm57447&amp;quot;,&amp;quot;days&amp;quot;:31,&amp;quot;month&amp;quot;:&amp;quot;July&amp;quot;,&amp;quot;year&amp;quot;:&amp;quot;1992&amp;quot;,&amp;quot;gender&amp;quot;:&amp;quot;male&amp;quot;,&amp;quot;hobbies&amp;quot;:&amp;quot;writing,learning,photography&amp;quot;,&amp;quot;forgot_key&amp;quot;:&amp;quot;&amp;quot;,&amp;quot;profile_picture&amp;quot;:&amp;quot;&amp;quot;,&amp;quot;login_cookie&amp;quot;:&amp;quot;aW5pa28uMzE5MkBnbWFpbC5jb20=1654090386&amp;quot;,&amp;quot;google_signin&amp;quot;:0,&amp;quot;goog&amp;quot;[truncated 1772 chars]; line: 1, column: 438] (through reference chain: com.pojo.Login_output_pojo[&amp;quot;data&amp;quot;]-&amp;gt;com.pojo.Data[&amp;quot;login_cookie&amp;quot;])">
      <![CDATA[com.fasterxml.jackson.databind.exc.UnrecognizedPropertyException: Unrecognized field "login_cookie" (class com.pojo.Data), not marked as ignorable (32 known properties: "month", "gender", "forgot_key", "mobile_number", "refer_screen", "google_auth_id", "referral_code", "device_token", "last_name", "days", "id", "email", "wallet_amount", "user_code", "device_id", "profile_picture", "admin_verify", "created_at", "hobbies", "status", "facebook_id", "logtoken", "updated_at", "first_name", "facebook_signin", "year", "device_type", "password", "google_signin", "user_role", "api_key", "is_verified"])
 at [Source: (String)"{"status":200,"message":"Login successfully","data":{"id":210,"user_code":"USR3020","first_name":"INIGO","last_name":"RAJA","email":"iniko.3192@gmail.com","mobile_number":"9585040707","password":"$2y$10$JDfqhLnMEaG50GHKHg3R1.rO4A6RngJIEpNwxi4WCNDuP09hBbzCy","api_key":"BCDEF5880klm57447","days":31,"month":"July","year":"1992","gender":"male","hobbies":"writing,learning,photography","forgot_key":"","profile_picture":"","login_cookie":"aW5pa28uMzE5MkBnbWFpbC5jb20=1654090386","google_signin":0,"goog"[truncated 1772 chars]; line: 1, column: 438] (through reference chain: com.pojo.Login_output_pojo["data"]->com.pojo.Data["login_cookie"])
	at com.fasterxml.jackson.databind.exc.UnrecognizedPropertyException.from(UnrecognizedPropertyException.java:61)
	at com.fasterxml.jackson.databind.DeserializationContext.handleUnknownProperty(DeserializationContext.java:840)
	at com.fasterxml.jackson.databind.deser.std.StdDeserializer.handleUnknownProperty(StdDeserializer.java:1192)
	at com.fasterxml.jackson.databind.deser.BeanDeserializerBase.handleUnknownProperty(BeanDeserializerBase.java:1592)
	at com.fasterxml.jackson.databind.deser.BeanDeserializerBase.handleUnknownVanilla(BeanDeserializerBase.java:1570)
	at com.fasterxml.jackson.databind.deser.BeanDeserializer.vanillaDeserialize(BeanDeserializer.java:294)
	at com.fasterxml.jackson.databind.deser.BeanDeserializer.deserialize(BeanDeserializer.java:151)
	at com.fasterxml.jackson.databind.deser.impl.MethodProperty.deserializeAndSet(MethodProperty.java:129)
	at com.fasterxml.jackson.databind.deser.BeanDeserializer.vanillaDeserialize(BeanDeserializer.java:288)
	at com.fasterxml.jackson.databind.deser.BeanDeserializer.deserialize(BeanDeserializer.java:151)
	at com.fasterxml.jackson.databind.ObjectMapper._readMapAndClose(ObjectMapper.java:4202)
	at com.fasterxml.jackson.databind.ObjectMapper.readValue(ObjectMapper.java:3205)
	at com.fasterxml.jackson.databind.ObjectMapper$readValue$0.call(Unknown Source)
	at org.codehaus.groovy.runtime.callsite.CallSiteArray.defaultCall(CallSiteArray.java:46)
	at org.codehaus.groovy.runtime.callsite.AbstractCallSite.call(AbstractCallSite.java:125)
	at org.codehaus.groovy.runtime.callsite.AbstractCallSite.call(AbstractCallSite.java:148)
	at io.restassured.internal.path.json.mapping.JsonPathJackson2ObjectDeserializer.deserialize(JsonPathJackson2ObjectDeserializer.groovy:46)
	at io.restassured.path.json.mapping.JsonPathObjectDeserializer$deserialize.call(Unknown Source)
	at org.codehaus.groovy.runtime.callsite.CallSiteArray.defaultCall(CallSiteArray.java:46)
	at org.codehaus.groovy.runtime.callsite.AbstractCallSite.call(AbstractCallSite.java:125)
	at org.codehaus.groovy.runtime.callsite.AbstractCallSite.call(AbstractCallSite.java:139)
	at io.restassured.internal.mapping.Jackson2Mapper.deserialize(Jackson2Mapper.groovy:58)
	at io.restassured.mapper.ObjectMapper$deserialize.call(Unknown Source)
	at org.codehaus.groovy.runtime.callsite.CallSiteArray.defaultCall(CallSiteArray.java:46)
	at org.codehaus.groovy.runtime.callsite.AbstractCallSite.call(AbstractCallSite.java:125)
	at org.codehaus.groovy.runtime.callsite.AbstractCallSite.call(AbstractCallSite.java:139)
	at io.restassured.internal.mapping.ObjectMapping.parseWithJackson2(ObjectMapping.groovy:254)
	at io.restassured.internal.mapping.ObjectMapping$parseWithJackson2$0.callStatic(Unknown Source)
	at org.codehaus.groovy.runtime.callsite.CallSiteArray.defaultCallStatic(CallSiteArray.java:54)
	at org.codehaus.groovy.runtime.callsite.AbstractCallSite.callStatic(AbstractCallSite.java:217)
	at org.codehaus.groovy.runtime.callsite.AbstractCallSite.callStatic(AbstractCallSite.java:240)
	at io.restassured.internal.mapping.ObjectMapping.deserialize(ObjectMapping.groovy:56)
	at io.restassured.internal.mapping.ObjectMapping$deserialize.call(Unknown Source)
	at org.codehaus.groovy.runtime.callsite.CallSiteArray.defaultCall(CallSiteArray.java:46)
	at org.codehaus.groovy.runtime.callsite.AbstractCallSite.call(AbstractCallSite.java:125)
	at io.restassured.internal.RestAssuredResponseOptionsGroovyImpl.as(RestAssuredResponseOptionsGroovyImpl.groovy:231)
	at io.restassured.internal.RestAssuredResponseOptionsImpl.as(RestAssuredResponseOptionsImpl.java:169)
	at com.sede.Serilalization_Deserilization.Login(Serilalization_Deserilization.java:39)
... Removed 24 stack frames]]>
    </failure>
  </testcase> <!-- Login -->
  <testcase name="addAddress" time="1.672" classname="com.sede.Serilalization_Deserilization">
    <failure type="java.lang.IllegalStateException" message="Cannot parse object because no supported Content-Type was specified in response. Content-Type was &amp;apos;text/html; charset=UTF-8&amp;apos;.">
      <![CDATA[java.lang.IllegalStateException: Cannot parse object because no supported Content-Type was specified in response. Content-Type was 'text/html; charset=UTF-8'.
	at org.codehaus.groovy.runtime.callsite.ConstructorSite$ConstructorSiteNoUnwrapNoCoerce.callConstructor(ConstructorSite.java:108)
	at org.codehaus.groovy.runtime.callsite.CallSiteArray.defaultCallConstructor(CallSiteArray.java:58)
	at org.codehaus.groovy.runtime.callsite.AbstractCallSite.callConstructor(AbstractCallSite.java:263)
	at org.codehaus.groovy.runtime.callsite.AbstractCallSite.callConstructor(AbstractCallSite.java:277)
	at io.restassured.internal.mapping.ObjectMapping.deserialize(ObjectMapping.groovy:95)
	at io.restassured.internal.mapping.ObjectMapping$deserialize.call(Unknown Source)
	at io.restassured.internal.RestAssuredResponseOptionsGroovyImpl.as(RestAssuredResponseOptionsGroovyImpl.groovy:231)
	at io.restassured.internal.RestAssuredResponseOptionsImpl.as(RestAssuredResponseOptionsImpl.java:169)
	at com.sede.Serilalization_Deserilization.addAddress(Serilalization_Deserilization.java:92)
... Removed 29 stack frames]]>
    </failure>
  </testcase> <!-- addAddress -->
  <testcase name="updateAddress" time="1.965" classname="com.sede.Serilalization_Deserilization">
    <failure type="java.lang.IllegalStateException" message="Cannot parse object because no supported Content-Type was specified in response. Content-Type was &amp;apos;text/html; charset=UTF-8&amp;apos;.">
      <![CDATA[java.lang.IllegalStateException: Cannot parse object because no supported Content-Type was specified in response. Content-Type was 'text/html; charset=UTF-8'.
	at org.codehaus.groovy.runtime.callsite.ConstructorSite$ConstructorSiteNoUnwrapNoCoerce.callConstructor(ConstructorSite.java:108)
	at org.codehaus.groovy.runtime.callsite.AbstractCallSite.callConstructor(AbstractCallSite.java:277)
	at io.restassured.internal.mapping.ObjectMapping.deserialize(ObjectMapping.groovy:95)
	at io.restassured.internal.mapping.ObjectMapping$deserialize.call(Unknown Source)
	at io.restassured.internal.RestAssuredResponseOptionsGroovyImpl.as(RestAssuredResponseOptionsGroovyImpl.groovy:231)
	at io.restassured.internal.RestAssuredResponseOptionsImpl.as(RestAssuredResponseOptionsImpl.java:169)
	at com.sede.Serilalization_Deserilization.updateAddress(Serilalization_Deserilization.java:130)
... Removed 29 stack frames]]>
    </failure>
  </testcase> <!-- updateAddress -->
  <testcase name="getAddress" time="1.549" classname="com.sede.Serilalization_Deserilization"/>
  <testcase name="deleteAddress" time="0.624" classname="com.sede.Serilalization_Deserilization">
    <failure type="java.lang.IllegalStateException" message="Cannot parse object because no supported Content-Type was specified in response. Content-Type was &amp;apos;text/html; charset=UTF-8&amp;apos;.">
      <![CDATA[java.lang.IllegalStateException: Cannot parse object because no supported Content-Type was specified in response. Content-Type was 'text/html; charset=UTF-8'.
	at org.codehaus.groovy.runtime.callsite.ConstructorSite$ConstructorSiteNoUnwrapNoCoerce.callConstructor(ConstructorSite.java:108)
	at org.codehaus.groovy.runtime.callsite.AbstractCallSite.callConstructor(AbstractCallSite.java:277)
	at io.restassured.internal.mapping.ObjectMapping.deserialize(ObjectMapping.groovy:95)
	at io.restassured.internal.mapping.ObjectMapping$deserialize.call(Unknown Source)
	at io.restassured.internal.RestAssuredResponseOptionsGroovyImpl.as(RestAssuredResponseOptionsGroovyImpl.groovy:231)
	at io.restassured.internal.RestAssuredResponseOptionsImpl.as(RestAssuredResponseOptionsImpl.java:169)
	at com.sede.Serilalization_Deserilization.deleteAddress(Serilalization_Deserilization.java:186)
... Removed 29 stack frames]]>
    </failure>
  </testcase> <!-- deleteAddress -->
</testsuite> <!-- Test -->
