<?xml version="1.0" encoding="UTF-8"?>
<testng-results skipped="0" failed="0" total="5" passed="5">
  <reporter-output>
  </reporter-output>
  <suite name="Default suite" duration-ms="16386" started-at="2022-06-03T15:18:59Z" finished-at="2022-06-03T15:19:15Z">
    <groups>
    </groups>
    <test name="Default test" duration-ms="16386" started-at="2022-06-03T15:18:59Z" finished-at="2022-06-03T15:19:15Z">
      <class name="com.sede.Serilalization_Deserilization">
        <test-method status="PASS" signature="Login()[pri:1, instance:com.sede.Serilalization_Deserilization@65e2dbf3]" name="Login" duration-ms="10549" started-at="2022-06-03T20:48:59Z" finished-at="2022-06-03T20:49:09Z">
          <reporter-output>
          </reporter-output>
        </test-method> <!-- Login -->
        <test-method status="PASS" signature="addAddress()[pri:2, instance:com.sede.Serilalization_Deserilization@65e2dbf3]" name="addAddress" duration-ms="1824" started-at="2022-06-03T20:49:09Z" finished-at="2022-06-03T20:49:11Z">
          <reporter-output>
          </reporter-output>
        </test-method> <!-- addAddress -->
        <test-method status="PASS" signature="updateAddress()[pri:3, instance:com.sede.Serilalization_Deserilization@65e2dbf3]" name="updateAddress" duration-ms="1557" started-at="2022-06-03T20:49:11Z" finished-at="2022-06-03T20:49:13Z">
          <reporter-output>
          </reporter-output>
        </test-method> <!-- updateAddress -->
        <test-method status="PASS" signature="getAddress()[pri:4, instance:com.sede.Serilalization_Deserilization@65e2dbf3]" name="getAddress" duration-ms="1192" started-at="2022-06-03T20:49:13Z" finished-at="2022-06-03T20:49:14Z">
          <reporter-output>
          </reporter-output>
        </test-method> <!-- getAddress -->
        <test-method status="PASS" signature="deleteAddress()[pri:5, instance:com.sede.Serilalization_Deserilization@65e2dbf3]" name="deleteAddress" duration-ms="1204" started-at="2022-06-03T20:49:14Z" finished-at="2022-06-03T20:49:15Z">
          <reporter-output>
          </reporter-output>
        </test-method> <!-- deleteAddress -->
      </class> <!-- com.sede.Serilalization_Deserilization -->
    </test> <!-- Default test -->
  </suite> <!-- Default suite -->
</testng-results>
